<?xml version="1.0" encoding="UTF-8"?>
<!-- Generated by org.testng.reporters.JUnitReportReporter -->
<testsuite hostname="world" name="com.rb.promise.pageObjectsTests.CreateSubProjectTest" tests="1" failures="1" timestamp="25 Feb 2015 08:49:03 GMT" time="0.000" errors="0">
  <testcase name="CreateSubProject001Test" time="0.000" classname="com.rb.promise.pageObjectsTests.CreateSubProjectTest">
    <failure type="org.openqa.selenium.WebDriverException" message="Failed to connect to binary FirefoxBinary(C:\Program Files\Mozilla Firefox\firefox.exe) on port 7055; process output follows: 
null
Build info: version: &#039;2.44.0&#039;, revision: &#039;76d78cf&#039;, time: &#039;2014-10-23 20:02:37&#039;
System info: host: &#039;world&#039;, ip: &#039;192.168.1.122&#039;, os.name: &#039;Windows XP&#039;, os.arch: &#039;x86&#039;, os.version: &#039;5.1&#039;, java.version: &#039;1.7.0_09&#039;
Driver info: driver.version: FirefoxDriver">
      <![CDATA[org.openqa.selenium.WebDriverException: Failed to connect to binary FirefoxBinary(C:\Program Files\Mozilla Firefox\firefox.exe) on port 7055; process output follows: 
null
Build info: version: '2.44.0', revision: '76d78cf', time: '2014-10-23 20:02:37'
System info: host: 'world', ip: '192.168.1.122', os.name: 'Windows XP', os.arch: 'x86', os.version: '5.1', java.version: '1.7.0_09'
Driver info: driver.version: FirefoxDriver
	at org.openqa.selenium.firefox.internal.NewProfileExtensionConnection.start(NewProfileExtensionConnection.java:134)
	at org.openqa.selenium.firefox.FirefoxDriver.startClient(FirefoxDriver.java:246)
	at org.openqa.selenium.remote.RemoteWebDriver.<init>(RemoteWebDriver.java:114)
	at org.openqa.selenium.firefox.FirefoxDriver.<init>(FirefoxDriver.java:193)
	at org.openqa.selenium.firefox.FirefoxDriver.<init>(FirefoxDriver.java:186)
	at org.openqa.selenium.firefox.FirefoxDriver.<init>(FirefoxDriver.java:182)
	at org.openqa.selenium.firefox.FirefoxDriver.<init>(FirefoxDriver.java:95)
	at com.rb.promise.base.BaseTest.getBrowser(BaseTest.java:79)
	at com.rb.promise.pageObjectsTests.CreateSubProjectTest.beforeSuite(CreateSubProjectTest.java:20)
	at sun.reflect.NativeMethodAccessorImpl.invoke0(Native Method)
	at sun.reflect.NativeMethodAccessorImpl.invoke(Unknown Source)
	at sun.reflect.DelegatingMethodAccessorImpl.invoke(Unknown Source)
	at java.lang.reflect.Method.invoke(Unknown Source)
	at org.testng.internal.MethodInvocationHelper.invokeMethod(MethodInvocationHelper.java:84)
	at org.testng.internal.Invoker.invokeConfigurationMethod(Invoker.java:564)
	at org.testng.internal.Invoker.invokeConfigurations(Invoker.java:213)
	at org.testng.internal.Invoker.invokeConfigurations(Invoker.java:138)
	at org.testng.SuiteRunner.privateRun(SuiteRunner.java:277)
	at org.testng.SuiteRunner.run(SuiteRunner.java:240)
	at org.testng.SuiteRunnerWorker.runSuite(SuiteRunnerWorker.java:52)
	at org.testng.SuiteRunnerWorker.run(SuiteRunnerWorker.java:86)
	at org.testng.TestNG.runSuitesSequentially(TestNG.java:1224)
	at org.testng.TestNG.runSuitesLocally(TestNG.java:1149)
	at org.testng.TestNG.run(TestNG.java:1057)
	at org.testng.remote.RemoteTestNG.run(RemoteTestNG.java:111)
	at org.testng.remote.RemoteTestNG.initAndRun(RemoteTestNG.java:204)
	at org.testng.remote.RemoteTestNG.main(RemoteTestNG.java:175)
Caused by: org.openqa.selenium.firefox.UnableToCreateProfileException: java.io.IOException: There is not enough space on the disk
Build info: version: '2.44.0', revision: '76d78cf', time: '2014-10-23 20:02:37'
System info: host: 'world', ip: '192.168.1.122', os.name: 'Windows XP', os.arch: 'x86', os.version: '5.1', java.version: '1.7.0_09'
Driver info: driver.version: FirefoxDriver
	at org.openqa.selenium.firefox.FirefoxProfile.layoutOnDisk(FirefoxProfile.java:409)
	at org.openqa.selenium.firefox.internal.NewProfileExtensionConnection.start(NewProfileExtensionConnection.java:89)
	... 26 more
Caused by: java.io.IOException: There is not enough space on the disk
	at java.io.FileOutputStream.writeBytes(Native Method)
	at java.io.FileOutputStream.write(Unknown Source)
	at java.io.BufferedOutputStream.flushBuffer(Unknown Source)
	at java.io.BufferedOutputStream.write(Unknown Source)
	at org.openqa.selenium.io.Zip.unzipFile(Zip.java:174)
	at org.openqa.selenium.io.Zip.unzip(Zip.java:155)
	at org.openqa.selenium.io.FileHandler.unzip(FileHandler.java:45)
	at org.openqa.selenium.firefox.internal.FileExtension.obtainRootDirectory(FileExtension.java:81)
	at org.openqa.selenium.firefox.internal.FileExtension.writeTo(FileExtension.java:58)
	at org.openqa.selenium.firefox.internal.ClasspathExtension.writeTo(ClasspathExtension.java:63)
	at org.openqa.selenium.firefox.FirefoxProfile.installExtensions(FirefoxProfile.java:425)
	at org.openqa.selenium.firefox.FirefoxProfile.layoutOnDisk(FirefoxProfile.java:403)
	... 27 more
]]>
    </failure>
  </testcase> <!-- CreateSubProject001Test -->
</testsuite> <!-- com.rb.promise.pageObjectsTests.CreateSubProjectTest -->
